ARM GAS  C:\Users\Laptop\AppData\Local\Temp\ccKTt4QZ.s 			page 1


   1              		.syntax unified
   2              		.cpu cortex-m3
   3              		.fpu softvfp
   4              		.eabi_attribute 20, 1
   5              		.eabi_attribute 21, 1
   6              		.eabi_attribute 23, 3
   7              		.eabi_attribute 24, 1
   8              		.eabi_attribute 25, 1
   9              		.eabi_attribute 26, 1
  10              		.eabi_attribute 30, 1
  11              		.eabi_attribute 34, 1
  12              		.eabi_attribute 18, 4
  13              		.thumb
  14              		.file	"blue.c"
  15              		.text
  16              	.Ltext0:
  17              		.cfi_sections	.debug_frame
  18              		.section	.text.ReadRxData,"ax",%progbits
  19              		.align	2
  20              		.global	ReadRxData
  21              		.thumb
  22              		.thumb_func
  23              		.type	ReadRxData, %function
  24              	ReadRxData:
  25              	.LFB64:
  26              		.file 1 "blue.c"
   1:blue.c        **** /* ========================================
   2:blue.c        ****  *
   3:blue.c        ****  * Copyright YOUR COMPANY, THE YEAR
   4:blue.c        ****  * All Rights Reserved
   5:blue.c        ****  * UNPUBLISHED, LICENSED SOFTWARE.
   6:blue.c        ****  *
   7:blue.c        ****  * CONFIDENTIAL AND PROPRIETARY INFORMATION
   8:blue.c        ****  * WHICH IS THE PROPERTY OF your company.
   9:blue.c        ****  *
  10:blue.c        ****  * ========================================
  11:blue.c        **** */
  12:blue.c        **** 
  13:blue.c        **** #include "project.h"
  14:blue.c        **** #include "blue.h"
  15:blue.c        **** 
  16:blue.c        **** // 1200(1), 2400(2), 4800(3), 9600(4), 19200(5), 38400(6), 57600(7), 115200(8), 230400(9), 460800(A
  17:blue.c        **** int16_t Divider[8] = {0, 625, 312, 156, 104, 52, 26, 13};
  18:blue.c        **** char *Baudrate[8] = {"NO device", "9600", "19200", "38400", "57600", "115200", "230400", "460800"};
  19:blue.c        **** char *AT_Command[8] = {"ERROR", "AT+BAUD4", "AT+BAUD5", "AT+BAUD6", "AT+BAUD7", "AT+BAUD8", "AT+BAU
  20:blue.c        **** 
  21:blue.c        **** char *at = "AT\0";
  22:blue.c        **** char *ok = "OK";
  23:blue.c        **** 
  24:blue.c        **** uint8_t
  25:blue.c        **** config_blue (uint8_t baudChoice, uint16_t timeout)
  26:blue.c        **** {
  27:blue.c        ****     const uint8_t buff_len = 8;
  28:blue.c        ****     char buff[buff_len];
  29:blue.c        ****     
  30:blue.c        **** 	UART_PutString (at);
  31:blue.c        ****     
ARM GAS  C:\Users\Laptop\AppData\Local\Temp\ccKTt4QZ.s 			page 2


  32:blue.c        **** 	uint16_t ts = 0;
  33:blue.c        **** 	if (!UART_GetRxBufferSize () & (ts < timeout))
  34:blue.c        ****     {
  35:blue.c        ****         ts++;
  36:blue.c        ****         CyDelay (1);
  37:blue.c        ****     }
  38:blue.c        ****     
  39:blue.c        **** 	ReadRxData (buff, buff_len, 50);
  40:blue.c        ****     
  41:blue.c        **** 	if (strncmp (buff, ok, 2))
  42:blue.c        **** 	{   
  43:blue.c        **** 		UART_PutString (AT_Command[baudChoice]);
  44:blue.c        **** 		CyDelay (timeout);
  45:blue.c        **** 		ReadRxData (buff, buff_len, 50);
  46:blue.c        **** 		if (strncmp (buff, ok, 2)) 
  47:blue.c        ****             return baudChoice;
  48:blue.c        **** 	}
  49:blue.c        ****     
  50:blue.c        ****     return 255;
  51:blue.c        **** }
  52:blue.c        **** 
  53:blue.c        **** uint8_t
  54:blue.c        **** ReadRxData (char* buff, uint8_t buff_len, uint8_t timeout)
  55:blue.c        **** {
  27              		.loc 1 55 0
  28              		.cfi_startproc
  29              		@ args = 0, pretend = 0, frame = 0
  30              		@ frame_needed = 0, uses_anonymous_args = 0
  31              	.LVL0:
  32 0000 2DE9F843 		push	{r3, r4, r5, r6, r7, r8, r9, lr}
  33              		.cfi_def_cfa_offset 32
  34              		.cfi_offset 3, -32
  35              		.cfi_offset 4, -28
  36              		.cfi_offset 5, -24
  37              		.cfi_offset 6, -20
  38              		.cfi_offset 7, -16
  39              		.cfi_offset 8, -12
  40              		.cfi_offset 9, -8
  41              		.cfi_offset 14, -4
  42 0004 8046     		mov	r8, r0
  43 0006 8946     		mov	r9, r1
  44 0008 1546     		mov	r5, r2
  45              	.LVL1:
  56:blue.c        ****     uint8_t ts = 0;
  57:blue.c        ****     uint8_t rxCount = 0;
  58:blue.c        ****     uint8_t rxSize = buff_len - 1;
  46              		.loc 1 58 0
  47 000a 4F1E     		subs	r7, r1, #1
  48 000c FFB2     		uxtb	r7, r7
  49              	.LVL2:
  59:blue.c        ****     memset (buff, '\0', buff_len);
  50              		.loc 1 59 0
  51 000e 0021     		movs	r1, #0
  52              	.LVL3:
  53 0010 4A46     		mov	r2, r9
  54              	.LVL4:
  55 0012 FFF7FEFF 		bl	memset
ARM GAS  C:\Users\Laptop\AppData\Local\Temp\ccKTt4QZ.s 			page 3


  56              	.LVL5:
  57:blue.c        ****     uint8_t rxSize = buff_len - 1;
  57              		.loc 1 57 0
  58 0016 0026     		movs	r6, #0
  60:blue.c        ****     
  61:blue.c        ****     while (UART_GetRxBufferSize ())
  59              		.loc 1 61 0
  60 0018 1FE0     		b	.L2
  61              	.LVL6:
  62              	.L6:
  62:blue.c        **** 	{
  63:blue.c        **** 		buff[rxCount] = UART_GetChar ();
  63              		.loc 1 63 0
  64 001a FFF7FEFF 		bl	UART_GetChar
  65              	.LVL7:
  66 001e 08F80600 		strb	r0, [r8, r6]
  64:blue.c        **** 		rxCount++;
  67              		.loc 1 64 0
  68 0022 0136     		adds	r6, r6, #1
  69              	.LVL8:
  70 0024 F6B2     		uxtb	r6, r6
  71              	.LVL9:
  65:blue.c        ****         
  66:blue.c        ****         ts = 0;
  72              		.loc 1 66 0
  73 0026 0024     		movs	r4, #0
  67:blue.c        **** 		while (!UART_GetRxBufferSize () & (ts < timeout))  
  74              		.loc 1 67 0
  75 0028 04E0     		b	.L3
  76              	.LVL10:
  77              	.L4:
  68:blue.c        ****         {
  69:blue.c        ****             ts++;
  78              		.loc 1 69 0
  79 002a 0134     		adds	r4, r4, #1
  80              	.LVL11:
  81 002c E4B2     		uxtb	r4, r4
  82              	.LVL12:
  70:blue.c        ****             CyDelay (1);
  83              		.loc 1 70 0
  84 002e 0120     		movs	r0, #1
  85 0030 FFF7FEFF 		bl	CyDelay
  86              	.LVL13:
  87              	.L3:
  67:blue.c        **** 		while (!UART_GetRxBufferSize () & (ts < timeout))  
  88              		.loc 1 67 0
  89 0034 FFF7FEFF 		bl	UART_GetRxBufferSize
  90              	.LVL14:
  91 0038 B0FA80F0 		clz	r0, r0
  92 003c 4009     		lsrs	r0, r0, #5
  93 003e AC42     		cmp	r4, r5
  94 0040 28BF     		it	cs
  95 0042 0020     		movcs	r0, #0
  96 0044 0028     		cmp	r0, #0
  97 0046 F0D1     		bne	.L4
  71:blue.c        ****         }
  72:blue.c        ****         
ARM GAS  C:\Users\Laptop\AppData\Local\Temp\ccKTt4QZ.s 			page 4


  73:blue.c        **** 		if (rxSize < rxCount)
  98              		.loc 1 73 0
  99 0048 B742     		cmp	r7, r6
 100 004a 06D2     		bcs	.L2
  74:blue.c        **** 		{
  75:blue.c        **** 			memset (buff, '\0', buff_len);
 101              		.loc 1 75 0
 102 004c 4046     		mov	r0, r8
 103 004e 0021     		movs	r1, #0
 104 0050 4A46     		mov	r2, r9
 105 0052 FFF7FEFF 		bl	memset
 106              	.LVL15:
  76:blue.c        **** 			return 1;
 107              		.loc 1 76 0
 108 0056 0123     		movs	r3, #1
 109 0058 07E0     		b	.L5
 110              	.LVL16:
 111              	.L2:
  61:blue.c        **** 	{
 112              		.loc 1 61 0
 113 005a FFF7FEFF 		bl	UART_GetRxBufferSize
 114              	.LVL17:
 115 005e 0346     		mov	r3, r0
 116 0060 0028     		cmp	r0, #0
 117 0062 DAD1     		bne	.L6
  77:blue.c        **** 		}
  78:blue.c        **** 	}
  79:blue.c        **** 	buff[rxCount] = '\0';
 118              		.loc 1 79 0
 119 0064 0022     		movs	r2, #0
 120 0066 08F80620 		strb	r2, [r8, r6]
 121              	.L5:
  80:blue.c        ****     
  81:blue.c        ****     return 0;
  82:blue.c        **** }
 122              		.loc 1 82 0
 123 006a 1846     		mov	r0, r3
 124 006c BDE8F883 		pop	{r3, r4, r5, r6, r7, r8, r9, pc}
 125              		.cfi_endproc
 126              	.LFE64:
 127              		.size	ReadRxData, .-ReadRxData
 128              		.section	.text.config_blue,"ax",%progbits
 129              		.align	2
 130              		.global	config_blue
 131              		.thumb
 132              		.thumb_func
 133              		.type	config_blue, %function
 134              	config_blue:
 135              	.LFB63:
  26:blue.c        ****     const uint8_t buff_len = 8;
 136              		.loc 1 26 0
 137              		.cfi_startproc
 138              		@ args = 0, pretend = 0, frame = 8
 139              		@ frame_needed = 0, uses_anonymous_args = 0
 140              	.LVL18:
 141 0000 70B5     		push	{r4, r5, r6, lr}
 142              		.cfi_def_cfa_offset 16
ARM GAS  C:\Users\Laptop\AppData\Local\Temp\ccKTt4QZ.s 			page 5


 143              		.cfi_offset 4, -16
 144              		.cfi_offset 5, -12
 145              		.cfi_offset 6, -8
 146              		.cfi_offset 14, -4
 147 0002 82B0     		sub	sp, sp, #8
 148              		.cfi_def_cfa_offset 24
 149 0004 0446     		mov	r4, r0
 150 0006 0D46     		mov	r5, r1
 151              	.LVL19:
  30:blue.c        ****     
 152              		.loc 1 30 0
 153 0008 1B4B     		ldr	r3, .L14
 154 000a 1868     		ldr	r0, [r3]
 155              	.LVL20:
 156 000c FFF7FEFF 		bl	UART_PutString
 157              	.LVL21:
  33:blue.c        ****     {
 158              		.loc 1 33 0
 159 0010 FFF7FEFF 		bl	UART_GetRxBufferSize
 160              	.LVL22:
 161 0014 B0FA80F0 		clz	r0, r0
 162 0018 4009     		lsrs	r0, r0, #5
 163 001a 002D     		cmp	r5, #0
 164 001c 08BF     		it	eq
 165 001e 0020     		moveq	r0, #0
 166 0020 10B1     		cbz	r0, .L9
 167              	.LVL23:
  36:blue.c        ****     }
 168              		.loc 1 36 0
 169 0022 0120     		movs	r0, #1
 170 0024 FFF7FEFF 		bl	CyDelay
 171              	.LVL24:
 172              	.L9:
  39:blue.c        ****     
 173              		.loc 1 39 0
 174 0028 6846     		mov	r0, sp
 175 002a 0821     		movs	r1, #8
 176 002c 3222     		movs	r2, #50
 177 002e FFF7FEFF 		bl	ReadRxData
 178              	.LVL25:
  41:blue.c        **** 	{   
 179              		.loc 1 41 0
 180 0032 6846     		mov	r0, sp
 181 0034 104B     		ldr	r3, .L14
 182 0036 5968     		ldr	r1, [r3, #4]
 183 0038 0222     		movs	r2, #2
 184 003a FFF7FEFF 		bl	strncmp
 185              	.LVL26:
 186 003e A8B1     		cbz	r0, .L11
  43:blue.c        **** 		CyDelay (timeout);
 187              		.loc 1 43 0
 188 0040 0D4E     		ldr	r6, .L14
 189 0042 06EB8403 		add	r3, r6, r4, lsl #2
 190 0046 9868     		ldr	r0, [r3, #8]
 191 0048 FFF7FEFF 		bl	UART_PutString
 192              	.LVL27:
  44:blue.c        **** 		ReadRxData (buff, buff_len, 50);
ARM GAS  C:\Users\Laptop\AppData\Local\Temp\ccKTt4QZ.s 			page 6


 193              		.loc 1 44 0
 194 004c 2846     		mov	r0, r5
 195 004e FFF7FEFF 		bl	CyDelay
 196              	.LVL28:
  45:blue.c        **** 		if (strncmp (buff, ok, 2)) 
 197              		.loc 1 45 0
 198 0052 6846     		mov	r0, sp
 199 0054 0821     		movs	r1, #8
 200 0056 3222     		movs	r2, #50
 201 0058 FFF7FEFF 		bl	ReadRxData
 202              	.LVL29:
  46:blue.c        ****             return baudChoice;
 203              		.loc 1 46 0
 204 005c 6846     		mov	r0, sp
 205 005e 7168     		ldr	r1, [r6, #4]
 206 0060 0222     		movs	r2, #2
 207 0062 FFF7FEFF 		bl	strncmp
 208              	.LVL30:
 209 0066 18B9     		cbnz	r0, .L12
  50:blue.c        **** }
 210              		.loc 1 50 0
 211 0068 FF20     		movs	r0, #255
 212 006a 02E0     		b	.L10
 213              	.L11:
 214 006c FF20     		movs	r0, #255
 215 006e 00E0     		b	.L10
 216              	.L12:
  47:blue.c        **** 	}
 217              		.loc 1 47 0
 218 0070 2046     		mov	r0, r4
 219              	.L10:
  51:blue.c        **** 
 220              		.loc 1 51 0
 221 0072 02B0     		add	sp, sp, #8
 222              		.cfi_def_cfa_offset 16
 223              	.LVL31:
 224              		@ sp needed
 225 0074 70BD     		pop	{r4, r5, r6, pc}
 226              	.LVL32:
 227              	.L15:
 228 0076 00BF     		.align	2
 229              	.L14:
 230 0078 00000000 		.word	.LANCHOR0
 231              		.cfi_endproc
 232              	.LFE63:
 233              		.size	config_blue, .-config_blue
 234              		.section	.text.WriteTxData,"ax",%progbits
 235              		.align	2
 236              		.global	WriteTxData
 237              		.thumb
 238              		.thumb_func
 239              		.type	WriteTxData, %function
 240              	WriteTxData:
 241              	.LFB65:
  83:blue.c        **** 
  84:blue.c        **** void
  85:blue.c        **** WriteTxData (char *buff, uint8_t buff_len)
ARM GAS  C:\Users\Laptop\AppData\Local\Temp\ccKTt4QZ.s 			page 7


  86:blue.c        **** {
 242              		.loc 1 86 0
 243              		.cfi_startproc
 244              		@ args = 0, pretend = 0, frame = 0
 245              		@ frame_needed = 0, uses_anonymous_args = 0
 246              	.LVL33:
 247 0000 70B5     		push	{r4, r5, r6, lr}
 248              		.cfi_def_cfa_offset 16
 249              		.cfi_offset 4, -16
 250              		.cfi_offset 5, -12
 251              		.cfi_offset 6, -8
 252              		.cfi_offset 14, -4
 253 0002 0646     		mov	r6, r0
 254 0004 0D46     		mov	r5, r1
 255              	.LVL34:
  87:blue.c        ****     int i;
  88:blue.c        ****     for (i = 0; i < buff_len; i++)
 256              		.loc 1 88 0
 257 0006 0024     		movs	r4, #0
 258 0008 03E0     		b	.L17
 259              	.LVL35:
 260              	.L18:
  89:blue.c        ****     {
  90:blue.c        ****         UART_PutChar (buff[i]);
 261              		.loc 1 90 0 discriminator 3
 262 000a 305D     		ldrb	r0, [r6, r4]	@ zero_extendqisi2
 263 000c FFF7FEFF 		bl	UART_PutChar
 264              	.LVL36:
  88:blue.c        ****     {
 265              		.loc 1 88 0 discriminator 3
 266 0010 0134     		adds	r4, r4, #1
 267              	.LVL37:
 268              	.L17:
  88:blue.c        ****     {
 269              		.loc 1 88 0 is_stmt 0 discriminator 1
 270 0012 A542     		cmp	r5, r4
 271 0014 F9DC     		bgt	.L18
  91:blue.c        ****     }
  92:blue.c        **** }
 272              		.loc 1 92 0 is_stmt 1
 273 0016 70BD     		pop	{r4, r5, r6, pc}
 274              		.cfi_endproc
 275              	.LFE65:
 276              		.size	WriteTxData, .-WriteTxData
 277              		.global	ok
 278              		.global	at
 279              		.global	AT_Command
 280              		.global	Baudrate
 281              		.global	Divider
 282              		.section	.rodata
 283              		.align	2
 284              	.LC1:
 285 0000 41540000 		.ascii	"AT\000\000"
 286              		.data
 287              		.align	2
 288              		.set	.LANCHOR0,. + 0
 289              		.type	at, %object
ARM GAS  C:\Users\Laptop\AppData\Local\Temp\ccKTt4QZ.s 			page 8


 290              		.size	at, 4
 291              	at:
 292 0000 00000000 		.word	.LC1
 293              		.type	ok, %object
 294              		.size	ok, 4
 295              	ok:
 296 0004 00000000 		.word	.LC0
 297              		.type	AT_Command, %object
 298              		.size	AT_Command, 32
 299              	AT_Command:
 300 0008 04000000 		.word	.LC2
 301 000c 0C000000 		.word	.LC3
 302 0010 18000000 		.word	.LC4
 303 0014 24000000 		.word	.LC5
 304 0018 30000000 		.word	.LC6
 305 001c 3C000000 		.word	.LC7
 306 0020 48000000 		.word	.LC8
 307 0024 54000000 		.word	.LC9
 308              		.type	Baudrate, %object
 309              		.size	Baudrate, 32
 310              	Baudrate:
 311 0028 60000000 		.word	.LC10
 312 002c 6C000000 		.word	.LC11
 313 0030 74000000 		.word	.LC12
 314 0034 7C000000 		.word	.LC13
 315 0038 84000000 		.word	.LC14
 316 003c 8C000000 		.word	.LC15
 317 0040 94000000 		.word	.LC16
 318 0044 9C000000 		.word	.LC17
 319              		.type	Divider, %object
 320              		.size	Divider, 16
 321              	Divider:
 322 0048 0000     		.short	0
 323 004a 7102     		.short	625
 324 004c 3801     		.short	312
 325 004e 9C00     		.short	156
 326 0050 6800     		.short	104
 327 0052 3400     		.short	52
 328 0054 1A00     		.short	26
 329 0056 0D00     		.short	13
 330              		.section	.rodata.str1.4,"aMS",%progbits,1
 331              		.align	2
 332              	.LC0:
 333 0000 4F4B00   		.ascii	"OK\000"
 334 0003 00       		.space	1
 335              	.LC2:
 336 0004 4552524F 		.ascii	"ERROR\000"
 336      5200
 337 000a 0000     		.space	2
 338              	.LC3:
 339 000c 41542B42 		.ascii	"AT+BAUD4\000"
 339      41554434 
 339      00
 340 0015 000000   		.space	3
 341              	.LC4:
 342 0018 41542B42 		.ascii	"AT+BAUD5\000"
 342      41554435 
ARM GAS  C:\Users\Laptop\AppData\Local\Temp\ccKTt4QZ.s 			page 9


 342      00
 343 0021 000000   		.space	3
 344              	.LC5:
 345 0024 41542B42 		.ascii	"AT+BAUD6\000"
 345      41554436 
 345      00
 346 002d 000000   		.space	3
 347              	.LC6:
 348 0030 41542B42 		.ascii	"AT+BAUD7\000"
 348      41554437 
 348      00
 349 0039 000000   		.space	3
 350              	.LC7:
 351 003c 41542B42 		.ascii	"AT+BAUD8\000"
 351      41554438 
 351      00
 352 0045 000000   		.space	3
 353              	.LC8:
 354 0048 41542B42 		.ascii	"AT+BAUD9\000"
 354      41554439 
 354      00
 355 0051 000000   		.space	3
 356              	.LC9:
 357 0054 41542B42 		.ascii	"AT+BAUDA\000"
 357      41554441 
 357      00
 358 005d 000000   		.space	3
 359              	.LC10:
 360 0060 4E4F2064 		.ascii	"NO device\000"
 360      65766963 
 360      6500
 361 006a 0000     		.space	2
 362              	.LC11:
 363 006c 39363030 		.ascii	"9600\000"
 363      00
 364 0071 000000   		.space	3
 365              	.LC12:
 366 0074 31393230 		.ascii	"19200\000"
 366      3000
 367 007a 0000     		.space	2
 368              	.LC13:
 369 007c 33383430 		.ascii	"38400\000"
 369      3000
 370 0082 0000     		.space	2
 371              	.LC14:
 372 0084 35373630 		.ascii	"57600\000"
 372      3000
 373 008a 0000     		.space	2
 374              	.LC15:
 375 008c 31313532 		.ascii	"115200\000"
 375      303000
 376 0093 00       		.space	1
 377              	.LC16:
 378 0094 32333034 		.ascii	"230400\000"
 378      303000
 379 009b 00       		.space	1
 380              	.LC17:
ARM GAS  C:\Users\Laptop\AppData\Local\Temp\ccKTt4QZ.s 			page 10


 381 009c 34363038 		.ascii	"460800\000"
 381      303000
 382 00a3 00       		.text
 383              	.Letext0:
 384              		.file 2 "c:\\program files (x86)\\cypress\\psoc creator\\4.0\\psoc creator\\import\\gnu\\arm\\4.9.
 385              		.file 3 "c:\\program files (x86)\\cypress\\psoc creator\\4.0\\psoc creator\\import\\gnu\\arm\\4.9.
 386              		.file 4 "Generated_Source\\PSoC5/cytypes.h"
 387              		.file 5 "c:\\program files (x86)\\cypress\\psoc creator\\4.0\\psoc creator\\import\\gnu\\arm\\4.9.
 388              		.file 6 "Generated_Source\\PSoC5/core_cm3.h"
 389              		.file 7 "Generated_Source\\PSoC5/UART.h"
 390              		.file 8 "Generated_Source\\PSoC5/CyLib.h"
 391              		.file 9 "c:\\program files (x86)\\cypress\\psoc creator\\4.0\\psoc creator\\import\\gnu\\arm\\4.9.
 392              		.section	.debug_info,"",%progbits
 393              	.Ldebug_info0:
 394 0000 7A040000 		.4byte	0x47a
 395 0004 0400     		.2byte	0x4
 396 0006 00000000 		.4byte	.Ldebug_abbrev0
 397 000a 04       		.byte	0x4
 398 000b 01       		.uleb128 0x1
 399 000c 0B010000 		.4byte	.LASF42
 400 0010 01       		.byte	0x1
 401 0011 B1020000 		.4byte	.LASF43
 402 0015 40020000 		.4byte	.LASF44
 403 0019 00000000 		.4byte	.Ldebug_ranges0+0
 404 001d 00000000 		.4byte	0
 405 0021 00000000 		.4byte	.Ldebug_line0
 406 0025 02       		.uleb128 0x2
 407 0026 01       		.byte	0x1
 408 0027 06       		.byte	0x6
 409 0028 34020000 		.4byte	.LASF0
 410 002c 03       		.uleb128 0x3
 411 002d 00000000 		.4byte	.LASF2
 412 0031 02       		.byte	0x2
 413 0032 1D       		.byte	0x1d
 414 0033 37000000 		.4byte	0x37
 415 0037 02       		.uleb128 0x2
 416 0038 01       		.byte	0x1
 417 0039 08       		.byte	0x8
 418 003a 84000000 		.4byte	.LASF1
 419 003e 03       		.uleb128 0x3
 420 003f 11000000 		.4byte	.LASF3
 421 0043 02       		.byte	0x2
 422 0044 29       		.byte	0x29
 423 0045 49000000 		.4byte	0x49
 424 0049 02       		.uleb128 0x2
 425 004a 02       		.byte	0x2
 426 004b 05       		.byte	0x5
 427 004c FE010000 		.4byte	.LASF4
 428 0050 03       		.uleb128 0x3
 429 0051 DE000000 		.4byte	.LASF5
 430 0055 02       		.byte	0x2
 431 0056 2B       		.byte	0x2b
 432 0057 5B000000 		.4byte	0x5b
 433 005b 02       		.uleb128 0x2
 434 005c 02       		.byte	0x2
 435 005d 07       		.byte	0x7
 436 005e B2000000 		.4byte	.LASF6
ARM GAS  C:\Users\Laptop\AppData\Local\Temp\ccKTt4QZ.s 			page 11


 437 0062 03       		.uleb128 0x3
 438 0063 30000000 		.4byte	.LASF7
 439 0067 02       		.byte	0x2
 440 0068 3F       		.byte	0x3f
 441 0069 6D000000 		.4byte	0x6d
 442 006d 02       		.uleb128 0x2
 443 006e 04       		.byte	0x4
 444 006f 05       		.byte	0x5
 445 0070 26020000 		.4byte	.LASF8
 446 0074 02       		.uleb128 0x2
 447 0075 04       		.byte	0x4
 448 0076 07       		.byte	0x7
 449 0077 98000000 		.4byte	.LASF9
 450 007b 02       		.uleb128 0x2
 451 007c 08       		.byte	0x8
 452 007d 05       		.byte	0x5
 453 007e CB010000 		.4byte	.LASF10
 454 0082 02       		.uleb128 0x2
 455 0083 08       		.byte	0x8
 456 0084 07       		.byte	0x7
 457 0085 6D000000 		.4byte	.LASF11
 458 0089 04       		.uleb128 0x4
 459 008a 04       		.byte	0x4
 460 008b 05       		.byte	0x5
 461 008c 696E7400 		.ascii	"int\000"
 462 0090 02       		.uleb128 0x2
 463 0091 04       		.byte	0x4
 464 0092 07       		.byte	0x7
 465 0093 99010000 		.4byte	.LASF12
 466 0097 03       		.uleb128 0x3
 467 0098 A6010000 		.4byte	.LASF13
 468 009c 03       		.byte	0x3
 469 009d 15       		.byte	0x15
 470 009e 2C000000 		.4byte	0x2c
 471 00a2 03       		.uleb128 0x3
 472 00a3 AE010000 		.4byte	.LASF14
 473 00a7 03       		.byte	0x3
 474 00a8 20       		.byte	0x20
 475 00a9 3E000000 		.4byte	0x3e
 476 00ad 03       		.uleb128 0x3
 477 00ae 08020000 		.4byte	.LASF15
 478 00b2 03       		.byte	0x3
 479 00b3 21       		.byte	0x21
 480 00b4 50000000 		.4byte	0x50
 481 00b8 03       		.uleb128 0x3
 482 00b9 B6010000 		.4byte	.LASF16
 483 00bd 03       		.byte	0x3
 484 00be 2C       		.byte	0x2c
 485 00bf 62000000 		.4byte	0x62
 486 00c3 05       		.uleb128 0x5
 487 00c4 4D000000 		.4byte	.LASF17
 488 00c8 04       		.byte	0x4
 489 00c9 9201     		.2byte	0x192
 490 00cb 37000000 		.4byte	0x37
 491 00cf 05       		.uleb128 0x5
 492 00d0 04010000 		.4byte	.LASF18
 493 00d4 04       		.byte	0x4
ARM GAS  C:\Users\Laptop\AppData\Local\Temp\ccKTt4QZ.s 			page 12


 494 00d5 9401     		.2byte	0x194
 495 00d7 74000000 		.4byte	0x74
 496 00db 02       		.uleb128 0x2
 497 00dc 04       		.byte	0x4
 498 00dd 04       		.byte	0x4
 499 00de 67000000 		.4byte	.LASF19
 500 00e2 02       		.uleb128 0x2
 501 00e3 08       		.byte	0x8
 502 00e4 04       		.byte	0x4
 503 00e5 46000000 		.4byte	.LASF20
 504 00e9 05       		.uleb128 0x5
 505 00ea 92000000 		.4byte	.LASF21
 506 00ee 04       		.byte	0x4
 507 00ef A301     		.2byte	0x1a3
 508 00f1 F5000000 		.4byte	0xf5
 509 00f5 02       		.uleb128 0x2
 510 00f6 01       		.byte	0x1
 511 00f7 08       		.byte	0x8
 512 00f8 2F020000 		.4byte	.LASF22
 513 00fc 03       		.uleb128 0x3
 514 00fd 0A000000 		.4byte	.LASF23
 515 0101 05       		.byte	0x5
 516 0102 D4       		.byte	0xd4
 517 0103 90000000 		.4byte	0x90
 518 0107 02       		.uleb128 0x2
 519 0108 04       		.byte	0x4
 520 0109 07       		.byte	0x7
 521 010a D9010000 		.4byte	.LASF24
 522 010e 06       		.uleb128 0x6
 523 010f 04       		.byte	0x4
 524 0110 07       		.uleb128 0x7
 525 0111 04       		.byte	0x4
 526 0112 F5000000 		.4byte	0xf5
 527 0116 07       		.uleb128 0x7
 528 0117 04       		.byte	0x4
 529 0118 1C010000 		.4byte	0x11c
 530 011c 08       		.uleb128 0x8
 531 011d F5000000 		.4byte	0xf5
 532 0121 09       		.uleb128 0x9
 533 0122 C0020000 		.4byte	.LASF30
 534 0126 01       		.byte	0x1
 535 0127 36       		.byte	0x36
 536 0128 97000000 		.4byte	0x97
 537 012c 00000000 		.4byte	.LFB64
 538 0130 70000000 		.4byte	.LFE64-.LFB64
 539 0134 01       		.uleb128 0x1
 540 0135 9C       		.byte	0x9c
 541 0136 FE010000 		.4byte	0x1fe
 542 013a 0A       		.uleb128 0xa
 543 013b D2000000 		.4byte	.LASF25
 544 013f 01       		.byte	0x1
 545 0140 36       		.byte	0x36
 546 0141 10010000 		.4byte	0x110
 547 0145 00000000 		.4byte	.LLST0
 548 0149 0A       		.uleb128 0xa
 549 014a 53000000 		.4byte	.LASF26
 550 014e 01       		.byte	0x1
ARM GAS  C:\Users\Laptop\AppData\Local\Temp\ccKTt4QZ.s 			page 13


 551 014f 36       		.byte	0x36
 552 0150 97000000 		.4byte	0x97
 553 0154 1E000000 		.4byte	.LLST1
 554 0158 0A       		.uleb128 0xa
 555 0159 1B000000 		.4byte	.LASF27
 556 015d 01       		.byte	0x1
 557 015e 36       		.byte	0x36
 558 015f 97000000 		.4byte	0x97
 559 0163 3F000000 		.4byte	.LLST2
 560 0167 0B       		.uleb128 0xb
 561 0168 747300   		.ascii	"ts\000"
 562 016b 01       		.byte	0x1
 563 016c 38       		.byte	0x38
 564 016d 97000000 		.4byte	0x97
 565 0171 60000000 		.4byte	.LLST3
 566 0175 0C       		.uleb128 0xc
 567 0176 F5000000 		.4byte	.LASF28
 568 017a 01       		.byte	0x1
 569 017b 39       		.byte	0x39
 570 017c 97000000 		.4byte	0x97
 571 0180 96000000 		.4byte	.LLST4
 572 0184 0D       		.uleb128 0xd
 573 0185 FD000000 		.4byte	.LASF29
 574 0189 01       		.byte	0x1
 575 018a 3A       		.byte	0x3a
 576 018b 97000000 		.4byte	0x97
 577 018f 01       		.uleb128 0x1
 578 0190 57       		.byte	0x57
 579 0191 0E       		.uleb128 0xe
 580 0192 16000000 		.4byte	.LVL5
 581 0196 F1030000 		.4byte	0x3f1
 582 019a B0010000 		.4byte	0x1b0
 583 019e 0F       		.uleb128 0xf
 584 019f 01       		.uleb128 0x1
 585 01a0 52       		.byte	0x52
 586 01a1 02       		.uleb128 0x2
 587 01a2 79       		.byte	0x79
 588 01a3 00       		.sleb128 0
 589 01a4 0F       		.uleb128 0xf
 590 01a5 01       		.uleb128 0x1
 591 01a6 51       		.byte	0x51
 592 01a7 01       		.uleb128 0x1
 593 01a8 30       		.byte	0x30
 594 01a9 0F       		.uleb128 0xf
 595 01aa 01       		.uleb128 0x1
 596 01ab 50       		.byte	0x50
 597 01ac 02       		.uleb128 0x2
 598 01ad 78       		.byte	0x78
 599 01ae 00       		.sleb128 0
 600 01af 00       		.byte	0
 601 01b0 10       		.uleb128 0x10
 602 01b1 1E000000 		.4byte	.LVL7
 603 01b5 0E040000 		.4byte	0x40e
 604 01b9 0E       		.uleb128 0xe
 605 01ba 34000000 		.4byte	.LVL13
 606 01be 19040000 		.4byte	0x419
 607 01c2 CC010000 		.4byte	0x1cc
ARM GAS  C:\Users\Laptop\AppData\Local\Temp\ccKTt4QZ.s 			page 14


 608 01c6 0F       		.uleb128 0xf
 609 01c7 01       		.uleb128 0x1
 610 01c8 50       		.byte	0x50
 611 01c9 01       		.uleb128 0x1
 612 01ca 31       		.byte	0x31
 613 01cb 00       		.byte	0
 614 01cc 10       		.uleb128 0x10
 615 01cd 38000000 		.4byte	.LVL14
 616 01d1 2A040000 		.4byte	0x42a
 617 01d5 0E       		.uleb128 0xe
 618 01d6 56000000 		.4byte	.LVL15
 619 01da F1030000 		.4byte	0x3f1
 620 01de F4010000 		.4byte	0x1f4
 621 01e2 0F       		.uleb128 0xf
 622 01e3 01       		.uleb128 0x1
 623 01e4 52       		.byte	0x52
 624 01e5 02       		.uleb128 0x2
 625 01e6 79       		.byte	0x79
 626 01e7 00       		.sleb128 0
 627 01e8 0F       		.uleb128 0xf
 628 01e9 01       		.uleb128 0x1
 629 01ea 51       		.byte	0x51
 630 01eb 01       		.uleb128 0x1
 631 01ec 30       		.byte	0x30
 632 01ed 0F       		.uleb128 0xf
 633 01ee 01       		.uleb128 0x1
 634 01ef 50       		.byte	0x50
 635 01f0 02       		.uleb128 0x2
 636 01f1 78       		.byte	0x78
 637 01f2 00       		.sleb128 0
 638 01f3 00       		.byte	0
 639 01f4 10       		.uleb128 0x10
 640 01f5 5E000000 		.4byte	.LVL17
 641 01f9 2A040000 		.4byte	0x42a
 642 01fd 00       		.byte	0
 643 01fe 09       		.uleb128 0x9
 644 01ff E9000000 		.4byte	.LASF31
 645 0203 01       		.byte	0x1
 646 0204 19       		.byte	0x19
 647 0205 97000000 		.4byte	0x97
 648 0209 00000000 		.4byte	.LFB63
 649 020d 7C000000 		.4byte	.LFE63-.LFB63
 650 0211 01       		.uleb128 0x1
 651 0212 9C       		.byte	0x9c
 652 0213 0D030000 		.4byte	0x30d
 653 0217 0A       		.uleb128 0xa
 654 0218 E2010000 		.4byte	.LASF32
 655 021c 01       		.byte	0x1
 656 021d 19       		.byte	0x19
 657 021e 97000000 		.4byte	0x97
 658 0222 C0000000 		.4byte	.LLST5
 659 0226 0A       		.uleb128 0xa
 660 0227 1B000000 		.4byte	.LASF27
 661 022b 01       		.byte	0x1
 662 022c 19       		.byte	0x19
 663 022d AD000000 		.4byte	0xad
 664 0231 E1000000 		.4byte	.LLST6
ARM GAS  C:\Users\Laptop\AppData\Local\Temp\ccKTt4QZ.s 			page 15


 665 0235 11       		.uleb128 0x11
 666 0236 53000000 		.4byte	.LASF26
 667 023a 01       		.byte	0x1
 668 023b 1B       		.byte	0x1b
 669 023c 0D030000 		.4byte	0x30d
 670 0240 08       		.byte	0x8
 671 0241 0C       		.uleb128 0xc
 672 0242 D2000000 		.4byte	.LASF25
 673 0246 01       		.byte	0x1
 674 0247 1C       		.byte	0x1c
 675 0248 12030000 		.4byte	0x312
 676 024c 02010000 		.4byte	.LLST7
 677 0250 0B       		.uleb128 0xb
 678 0251 747300   		.ascii	"ts\000"
 679 0254 01       		.byte	0x1
 680 0255 20       		.byte	0x20
 681 0256 AD000000 		.4byte	0xad
 682 025a 2E010000 		.4byte	.LLST8
 683 025e 10       		.uleb128 0x10
 684 025f 10000000 		.4byte	.LVL21
 685 0263 35040000 		.4byte	0x435
 686 0267 10       		.uleb128 0x10
 687 0268 14000000 		.4byte	.LVL22
 688 026c 2A040000 		.4byte	0x42a
 689 0270 0E       		.uleb128 0xe
 690 0271 28000000 		.4byte	.LVL24
 691 0275 19040000 		.4byte	0x419
 692 0279 83020000 		.4byte	0x283
 693 027d 0F       		.uleb128 0xf
 694 027e 01       		.uleb128 0x1
 695 027f 50       		.byte	0x50
 696 0280 01       		.uleb128 0x1
 697 0281 31       		.byte	0x31
 698 0282 00       		.byte	0
 699 0283 0E       		.uleb128 0xe
 700 0284 32000000 		.4byte	.LVL25
 701 0288 21010000 		.4byte	0x121
 702 028c A2020000 		.4byte	0x2a2
 703 0290 0F       		.uleb128 0xf
 704 0291 01       		.uleb128 0x1
 705 0292 52       		.byte	0x52
 706 0293 02       		.uleb128 0x2
 707 0294 08       		.byte	0x8
 708 0295 32       		.byte	0x32
 709 0296 0F       		.uleb128 0xf
 710 0297 01       		.uleb128 0x1
 711 0298 51       		.byte	0x51
 712 0299 01       		.uleb128 0x1
 713 029a 38       		.byte	0x38
 714 029b 0F       		.uleb128 0xf
 715 029c 01       		.uleb128 0x1
 716 029d 50       		.byte	0x50
 717 029e 02       		.uleb128 0x2
 718 029f 7D       		.byte	0x7d
 719 02a0 00       		.sleb128 0
 720 02a1 00       		.byte	0
 721 02a2 0E       		.uleb128 0xe
ARM GAS  C:\Users\Laptop\AppData\Local\Temp\ccKTt4QZ.s 			page 16


 722 02a3 3E000000 		.4byte	.LVL26
 723 02a7 51040000 		.4byte	0x451
 724 02ab BB020000 		.4byte	0x2bb
 725 02af 0F       		.uleb128 0xf
 726 02b0 01       		.uleb128 0x1
 727 02b1 52       		.byte	0x52
 728 02b2 01       		.uleb128 0x1
 729 02b3 32       		.byte	0x32
 730 02b4 0F       		.uleb128 0xf
 731 02b5 01       		.uleb128 0x1
 732 02b6 50       		.byte	0x50
 733 02b7 02       		.uleb128 0x2
 734 02b8 7D       		.byte	0x7d
 735 02b9 00       		.sleb128 0
 736 02ba 00       		.byte	0
 737 02bb 10       		.uleb128 0x10
 738 02bc 4C000000 		.4byte	.LVL27
 739 02c0 35040000 		.4byte	0x435
 740 02c4 0E       		.uleb128 0xe
 741 02c5 52000000 		.4byte	.LVL28
 742 02c9 19040000 		.4byte	0x419
 743 02cd D8020000 		.4byte	0x2d8
 744 02d1 0F       		.uleb128 0xf
 745 02d2 01       		.uleb128 0x1
 746 02d3 50       		.byte	0x50
 747 02d4 02       		.uleb128 0x2
 748 02d5 75       		.byte	0x75
 749 02d6 00       		.sleb128 0
 750 02d7 00       		.byte	0
 751 02d8 0E       		.uleb128 0xe
 752 02d9 5C000000 		.4byte	.LVL29
 753 02dd 21010000 		.4byte	0x121
 754 02e1 F7020000 		.4byte	0x2f7
 755 02e5 0F       		.uleb128 0xf
 756 02e6 01       		.uleb128 0x1
 757 02e7 52       		.byte	0x52
 758 02e8 02       		.uleb128 0x2
 759 02e9 08       		.byte	0x8
 760 02ea 32       		.byte	0x32
 761 02eb 0F       		.uleb128 0xf
 762 02ec 01       		.uleb128 0x1
 763 02ed 51       		.byte	0x51
 764 02ee 01       		.uleb128 0x1
 765 02ef 38       		.byte	0x38
 766 02f0 0F       		.uleb128 0xf
 767 02f1 01       		.uleb128 0x1
 768 02f2 50       		.byte	0x50
 769 02f3 02       		.uleb128 0x2
 770 02f4 7D       		.byte	0x7d
 771 02f5 00       		.sleb128 0
 772 02f6 00       		.byte	0
 773 02f7 12       		.uleb128 0x12
 774 02f8 66000000 		.4byte	.LVL30
 775 02fc 51040000 		.4byte	0x451
 776 0300 0F       		.uleb128 0xf
 777 0301 01       		.uleb128 0x1
 778 0302 52       		.byte	0x52
ARM GAS  C:\Users\Laptop\AppData\Local\Temp\ccKTt4QZ.s 			page 17


 779 0303 01       		.uleb128 0x1
 780 0304 32       		.byte	0x32
 781 0305 0F       		.uleb128 0xf
 782 0306 01       		.uleb128 0x1
 783 0307 50       		.byte	0x50
 784 0308 02       		.uleb128 0x2
 785 0309 7D       		.byte	0x7d
 786 030a 00       		.sleb128 0
 787 030b 00       		.byte	0
 788 030c 00       		.byte	0
 789 030d 08       		.uleb128 0x8
 790 030e 97000000 		.4byte	0x97
 791 0312 13       		.uleb128 0x13
 792 0313 F5000000 		.4byte	0xf5
 793 0317 23030000 		.4byte	0x323
 794 031b 14       		.uleb128 0x14
 795 031c 07010000 		.4byte	0x107
 796 0320 01       		.uleb128 0x1
 797 0321 37       		.byte	0x37
 798 0322 00       		.byte	0
 799 0323 15       		.uleb128 0x15
 800 0324 3A000000 		.4byte	.LASF45
 801 0328 01       		.byte	0x1
 802 0329 55       		.byte	0x55
 803 032a 00000000 		.4byte	.LFB65
 804 032e 18000000 		.4byte	.LFE65-.LFB65
 805 0332 01       		.uleb128 0x1
 806 0333 9C       		.byte	0x9c
 807 0334 6D030000 		.4byte	0x36d
 808 0338 0A       		.uleb128 0xa
 809 0339 D2000000 		.4byte	.LASF25
 810 033d 01       		.byte	0x1
 811 033e 55       		.byte	0x55
 812 033f 10010000 		.4byte	0x110
 813 0343 4E010000 		.4byte	.LLST9
 814 0347 0A       		.uleb128 0xa
 815 0348 53000000 		.4byte	.LASF26
 816 034c 01       		.byte	0x1
 817 034d 55       		.byte	0x55
 818 034e 97000000 		.4byte	0x97
 819 0352 6C010000 		.4byte	.LLST10
 820 0356 0B       		.uleb128 0xb
 821 0357 6900     		.ascii	"i\000"
 822 0359 01       		.byte	0x1
 823 035a 57       		.byte	0x57
 824 035b 89000000 		.4byte	0x89
 825 035f 8D010000 		.4byte	.LLST11
 826 0363 10       		.uleb128 0x10
 827 0364 10000000 		.4byte	.LVL36
 828 0368 70040000 		.4byte	0x470
 829 036c 00       		.byte	0
 830 036d 16       		.uleb128 0x16
 831 036e C5000000 		.4byte	.LASF33
 832 0372 06       		.byte	0x6
 833 0373 9606     		.2byte	0x696
 834 0375 79030000 		.4byte	0x379
 835 0379 17       		.uleb128 0x17
ARM GAS  C:\Users\Laptop\AppData\Local\Temp\ccKTt4QZ.s 			page 18


 836 037a B8000000 		.4byte	0xb8
 837 037e 13       		.uleb128 0x13
 838 037f A2000000 		.4byte	0xa2
 839 0383 8E030000 		.4byte	0x38e
 840 0387 18       		.uleb128 0x18
 841 0388 07010000 		.4byte	0x107
 842 038c 07       		.byte	0x7
 843 038d 00       		.byte	0
 844 038e 19       		.uleb128 0x19
 845 038f AA000000 		.4byte	.LASF34
 846 0393 01       		.byte	0x1
 847 0394 11       		.byte	0x11
 848 0395 7E030000 		.4byte	0x37e
 849 0399 05       		.uleb128 0x5
 850 039a 03       		.byte	0x3
 851 039b 00000000 		.4byte	Divider
 852 039f 13       		.uleb128 0x13
 853 03a0 10010000 		.4byte	0x110
 854 03a4 AF030000 		.4byte	0x3af
 855 03a8 18       		.uleb128 0x18
 856 03a9 07010000 		.4byte	0x107
 857 03ad 07       		.byte	0x7
 858 03ae 00       		.byte	0
 859 03af 19       		.uleb128 0x19
 860 03b0 F5010000 		.4byte	.LASF35
 861 03b4 01       		.byte	0x1
 862 03b5 12       		.byte	0x12
 863 03b6 9F030000 		.4byte	0x39f
 864 03ba 05       		.uleb128 0x5
 865 03bb 03       		.byte	0x3
 866 03bc 00000000 		.4byte	Baudrate
 867 03c0 19       		.uleb128 0x19
 868 03c1 5C000000 		.4byte	.LASF36
 869 03c5 01       		.byte	0x1
 870 03c6 13       		.byte	0x13
 871 03c7 9F030000 		.4byte	0x39f
 872 03cb 05       		.uleb128 0x5
 873 03cc 03       		.byte	0x3
 874 03cd 00000000 		.4byte	AT_Command
 875 03d1 1A       		.uleb128 0x1a
 876 03d2 617400   		.ascii	"at\000"
 877 03d5 01       		.byte	0x1
 878 03d6 15       		.byte	0x15
 879 03d7 10010000 		.4byte	0x110
 880 03db 05       		.uleb128 0x5
 881 03dc 03       		.byte	0x3
 882 03dd 00000000 		.4byte	at
 883 03e1 1A       		.uleb128 0x1a
 884 03e2 6F6B00   		.ascii	"ok\000"
 885 03e5 01       		.byte	0x1
 886 03e6 16       		.byte	0x16
 887 03e7 10010000 		.4byte	0x110
 888 03eb 05       		.uleb128 0x5
 889 03ec 03       		.byte	0x3
 890 03ed 00000000 		.4byte	ok
 891 03f1 1B       		.uleb128 0x1b
 892 03f2 D7000000 		.4byte	.LASF37
ARM GAS  C:\Users\Laptop\AppData\Local\Temp\ccKTt4QZ.s 			page 19


 893 03f6 0E010000 		.4byte	0x10e
 894 03fa 0E040000 		.4byte	0x40e
 895 03fe 1C       		.uleb128 0x1c
 896 03ff 0E010000 		.4byte	0x10e
 897 0403 1C       		.uleb128 0x1c
 898 0404 89000000 		.4byte	0x89
 899 0408 1C       		.uleb128 0x1c
 900 0409 07010000 		.4byte	0x107
 901 040d 00       		.byte	0
 902 040e 1D       		.uleb128 0x1d
 903 040f 23000000 		.4byte	.LASF39
 904 0413 07       		.byte	0x7
 905 0414 71       		.byte	0x71
 906 0415 C3000000 		.4byte	0xc3
 907 0419 1E       		.uleb128 0x1e
 908 041a B8020000 		.4byte	.LASF38
 909 041e 08       		.byte	0x8
 910 041f 76       		.byte	0x76
 911 0420 2A040000 		.4byte	0x42a
 912 0424 1C       		.uleb128 0x1c
 913 0425 CF000000 		.4byte	0xcf
 914 0429 00       		.byte	0
 915 042a 1D       		.uleb128 0x1d
 916 042b 11020000 		.4byte	.LASF40
 917 042f 07       		.byte	0x7
 918 0430 73       		.byte	0x73
 919 0431 C3000000 		.4byte	0xc3
 920 0435 1E       		.uleb128 0x1e
 921 0436 A2020000 		.4byte	.LASF41
 922 043a 07       		.byte	0x7
 923 043b 8B       		.byte	0x8b
 924 043c 46040000 		.4byte	0x446
 925 0440 1C       		.uleb128 0x1c
 926 0441 46040000 		.4byte	0x446
 927 0445 00       		.byte	0
 928 0446 07       		.uleb128 0x7
 929 0447 04       		.byte	0x4
 930 0448 4C040000 		.4byte	0x44c
 931 044c 08       		.uleb128 0x8
 932 044d E9000000 		.4byte	0xe9
 933 0451 1F       		.uleb128 0x1f
 934 0452 ED010000 		.4byte	.LASF46
 935 0456 09       		.byte	0x9
 936 0457 23       		.byte	0x23
 937 0458 89000000 		.4byte	0x89
 938 045c 70040000 		.4byte	0x470
 939 0460 1C       		.uleb128 0x1c
 940 0461 16010000 		.4byte	0x116
 941 0465 1C       		.uleb128 0x1c
 942 0466 16010000 		.4byte	0x116
 943 046a 1C       		.uleb128 0x1c
 944 046b FC000000 		.4byte	0xfc
 945 046f 00       		.byte	0
 946 0470 20       		.uleb128 0x20
 947 0471 BE010000 		.4byte	.LASF47
 948 0475 07       		.byte	0x7
 949 0476 8A       		.byte	0x8a
ARM GAS  C:\Users\Laptop\AppData\Local\Temp\ccKTt4QZ.s 			page 20


 950 0477 1C       		.uleb128 0x1c
 951 0478 C3000000 		.4byte	0xc3
 952 047c 00       		.byte	0
 953 047d 00       		.byte	0
 954              		.section	.debug_abbrev,"",%progbits
 955              	.Ldebug_abbrev0:
 956 0000 01       		.uleb128 0x1
 957 0001 11       		.uleb128 0x11
 958 0002 01       		.byte	0x1
 959 0003 25       		.uleb128 0x25
 960 0004 0E       		.uleb128 0xe
 961 0005 13       		.uleb128 0x13
 962 0006 0B       		.uleb128 0xb
 963 0007 03       		.uleb128 0x3
 964 0008 0E       		.uleb128 0xe
 965 0009 1B       		.uleb128 0x1b
 966 000a 0E       		.uleb128 0xe
 967 000b 55       		.uleb128 0x55
 968 000c 17       		.uleb128 0x17
 969 000d 11       		.uleb128 0x11
 970 000e 01       		.uleb128 0x1
 971 000f 10       		.uleb128 0x10
 972 0010 17       		.uleb128 0x17
 973 0011 00       		.byte	0
 974 0012 00       		.byte	0
 975 0013 02       		.uleb128 0x2
 976 0014 24       		.uleb128 0x24
 977 0015 00       		.byte	0
 978 0016 0B       		.uleb128 0xb
 979 0017 0B       		.uleb128 0xb
 980 0018 3E       		.uleb128 0x3e
 981 0019 0B       		.uleb128 0xb
 982 001a 03       		.uleb128 0x3
 983 001b 0E       		.uleb128 0xe
 984 001c 00       		.byte	0
 985 001d 00       		.byte	0
 986 001e 03       		.uleb128 0x3
 987 001f 16       		.uleb128 0x16
 988 0020 00       		.byte	0
 989 0021 03       		.uleb128 0x3
 990 0022 0E       		.uleb128 0xe
 991 0023 3A       		.uleb128 0x3a
 992 0024 0B       		.uleb128 0xb
 993 0025 3B       		.uleb128 0x3b
 994 0026 0B       		.uleb128 0xb
 995 0027 49       		.uleb128 0x49
 996 0028 13       		.uleb128 0x13
 997 0029 00       		.byte	0
 998 002a 00       		.byte	0
 999 002b 04       		.uleb128 0x4
 1000 002c 24       		.uleb128 0x24
 1001 002d 00       		.byte	0
 1002 002e 0B       		.uleb128 0xb
 1003 002f 0B       		.uleb128 0xb
 1004 0030 3E       		.uleb128 0x3e
 1005 0031 0B       		.uleb128 0xb
 1006 0032 03       		.uleb128 0x3
ARM GAS  C:\Users\Laptop\AppData\Local\Temp\ccKTt4QZ.s 			page 21


 1007 0033 08       		.uleb128 0x8
 1008 0034 00       		.byte	0
 1009 0035 00       		.byte	0
 1010 0036 05       		.uleb128 0x5
 1011 0037 16       		.uleb128 0x16
 1012 0038 00       		.byte	0
 1013 0039 03       		.uleb128 0x3
 1014 003a 0E       		.uleb128 0xe
 1015 003b 3A       		.uleb128 0x3a
 1016 003c 0B       		.uleb128 0xb
 1017 003d 3B       		.uleb128 0x3b
 1018 003e 05       		.uleb128 0x5
 1019 003f 49       		.uleb128 0x49
 1020 0040 13       		.uleb128 0x13
 1021 0041 00       		.byte	0
 1022 0042 00       		.byte	0
 1023 0043 06       		.uleb128 0x6
 1024 0044 0F       		.uleb128 0xf
 1025 0045 00       		.byte	0
 1026 0046 0B       		.uleb128 0xb
 1027 0047 0B       		.uleb128 0xb
 1028 0048 00       		.byte	0
 1029 0049 00       		.byte	0
 1030 004a 07       		.uleb128 0x7
 1031 004b 0F       		.uleb128 0xf
 1032 004c 00       		.byte	0
 1033 004d 0B       		.uleb128 0xb
 1034 004e 0B       		.uleb128 0xb
 1035 004f 49       		.uleb128 0x49
 1036 0050 13       		.uleb128 0x13
 1037 0051 00       		.byte	0
 1038 0052 00       		.byte	0
 1039 0053 08       		.uleb128 0x8
 1040 0054 26       		.uleb128 0x26
 1041 0055 00       		.byte	0
 1042 0056 49       		.uleb128 0x49
 1043 0057 13       		.uleb128 0x13
 1044 0058 00       		.byte	0
 1045 0059 00       		.byte	0
 1046 005a 09       		.uleb128 0x9
 1047 005b 2E       		.uleb128 0x2e
 1048 005c 01       		.byte	0x1
 1049 005d 3F       		.uleb128 0x3f
 1050 005e 19       		.uleb128 0x19
 1051 005f 03       		.uleb128 0x3
 1052 0060 0E       		.uleb128 0xe
 1053 0061 3A       		.uleb128 0x3a
 1054 0062 0B       		.uleb128 0xb
 1055 0063 3B       		.uleb128 0x3b
 1056 0064 0B       		.uleb128 0xb
 1057 0065 27       		.uleb128 0x27
 1058 0066 19       		.uleb128 0x19
 1059 0067 49       		.uleb128 0x49
 1060 0068 13       		.uleb128 0x13
 1061 0069 11       		.uleb128 0x11
 1062 006a 01       		.uleb128 0x1
 1063 006b 12       		.uleb128 0x12
ARM GAS  C:\Users\Laptop\AppData\Local\Temp\ccKTt4QZ.s 			page 22


 1064 006c 06       		.uleb128 0x6
 1065 006d 40       		.uleb128 0x40
 1066 006e 18       		.uleb128 0x18
 1067 006f 9742     		.uleb128 0x2117
 1068 0071 19       		.uleb128 0x19
 1069 0072 01       		.uleb128 0x1
 1070 0073 13       		.uleb128 0x13
 1071 0074 00       		.byte	0
 1072 0075 00       		.byte	0
 1073 0076 0A       		.uleb128 0xa
 1074 0077 05       		.uleb128 0x5
 1075 0078 00       		.byte	0
 1076 0079 03       		.uleb128 0x3
 1077 007a 0E       		.uleb128 0xe
 1078 007b 3A       		.uleb128 0x3a
 1079 007c 0B       		.uleb128 0xb
 1080 007d 3B       		.uleb128 0x3b
 1081 007e 0B       		.uleb128 0xb
 1082 007f 49       		.uleb128 0x49
 1083 0080 13       		.uleb128 0x13
 1084 0081 02       		.uleb128 0x2
 1085 0082 17       		.uleb128 0x17
 1086 0083 00       		.byte	0
 1087 0084 00       		.byte	0
 1088 0085 0B       		.uleb128 0xb
 1089 0086 34       		.uleb128 0x34
 1090 0087 00       		.byte	0
 1091 0088 03       		.uleb128 0x3
 1092 0089 08       		.uleb128 0x8
 1093 008a 3A       		.uleb128 0x3a
 1094 008b 0B       		.uleb128 0xb
 1095 008c 3B       		.uleb128 0x3b
 1096 008d 0B       		.uleb128 0xb
 1097 008e 49       		.uleb128 0x49
 1098 008f 13       		.uleb128 0x13
 1099 0090 02       		.uleb128 0x2
 1100 0091 17       		.uleb128 0x17
 1101 0092 00       		.byte	0
 1102 0093 00       		.byte	0
 1103 0094 0C       		.uleb128 0xc
 1104 0095 34       		.uleb128 0x34
 1105 0096 00       		.byte	0
 1106 0097 03       		.uleb128 0x3
 1107 0098 0E       		.uleb128 0xe
 1108 0099 3A       		.uleb128 0x3a
 1109 009a 0B       		.uleb128 0xb
 1110 009b 3B       		.uleb128 0x3b
 1111 009c 0B       		.uleb128 0xb
 1112 009d 49       		.uleb128 0x49
 1113 009e 13       		.uleb128 0x13
 1114 009f 02       		.uleb128 0x2
 1115 00a0 17       		.uleb128 0x17
 1116 00a1 00       		.byte	0
 1117 00a2 00       		.byte	0
 1118 00a3 0D       		.uleb128 0xd
 1119 00a4 34       		.uleb128 0x34
 1120 00a5 00       		.byte	0
ARM GAS  C:\Users\Laptop\AppData\Local\Temp\ccKTt4QZ.s 			page 23


 1121 00a6 03       		.uleb128 0x3
 1122 00a7 0E       		.uleb128 0xe
 1123 00a8 3A       		.uleb128 0x3a
 1124 00a9 0B       		.uleb128 0xb
 1125 00aa 3B       		.uleb128 0x3b
 1126 00ab 0B       		.uleb128 0xb
 1127 00ac 49       		.uleb128 0x49
 1128 00ad 13       		.uleb128 0x13
 1129 00ae 02       		.uleb128 0x2
 1130 00af 18       		.uleb128 0x18
 1131 00b0 00       		.byte	0
 1132 00b1 00       		.byte	0
 1133 00b2 0E       		.uleb128 0xe
 1134 00b3 898201   		.uleb128 0x4109
 1135 00b6 01       		.byte	0x1
 1136 00b7 11       		.uleb128 0x11
 1137 00b8 01       		.uleb128 0x1
 1138 00b9 31       		.uleb128 0x31
 1139 00ba 13       		.uleb128 0x13
 1140 00bb 01       		.uleb128 0x1
 1141 00bc 13       		.uleb128 0x13
 1142 00bd 00       		.byte	0
 1143 00be 00       		.byte	0
 1144 00bf 0F       		.uleb128 0xf
 1145 00c0 8A8201   		.uleb128 0x410a
 1146 00c3 00       		.byte	0
 1147 00c4 02       		.uleb128 0x2
 1148 00c5 18       		.uleb128 0x18
 1149 00c6 9142     		.uleb128 0x2111
 1150 00c8 18       		.uleb128 0x18
 1151 00c9 00       		.byte	0
 1152 00ca 00       		.byte	0
 1153 00cb 10       		.uleb128 0x10
 1154 00cc 898201   		.uleb128 0x4109
 1155 00cf 00       		.byte	0
 1156 00d0 11       		.uleb128 0x11
 1157 00d1 01       		.uleb128 0x1
 1158 00d2 31       		.uleb128 0x31
 1159 00d3 13       		.uleb128 0x13
 1160 00d4 00       		.byte	0
 1161 00d5 00       		.byte	0
 1162 00d6 11       		.uleb128 0x11
 1163 00d7 34       		.uleb128 0x34
 1164 00d8 00       		.byte	0
 1165 00d9 03       		.uleb128 0x3
 1166 00da 0E       		.uleb128 0xe
 1167 00db 3A       		.uleb128 0x3a
 1168 00dc 0B       		.uleb128 0xb
 1169 00dd 3B       		.uleb128 0x3b
 1170 00de 0B       		.uleb128 0xb
 1171 00df 49       		.uleb128 0x49
 1172 00e0 13       		.uleb128 0x13
 1173 00e1 1C       		.uleb128 0x1c
 1174 00e2 0B       		.uleb128 0xb
 1175 00e3 00       		.byte	0
 1176 00e4 00       		.byte	0
 1177 00e5 12       		.uleb128 0x12
ARM GAS  C:\Users\Laptop\AppData\Local\Temp\ccKTt4QZ.s 			page 24


 1178 00e6 898201   		.uleb128 0x4109
 1179 00e9 01       		.byte	0x1
 1180 00ea 11       		.uleb128 0x11
 1181 00eb 01       		.uleb128 0x1
 1182 00ec 31       		.uleb128 0x31
 1183 00ed 13       		.uleb128 0x13
 1184 00ee 00       		.byte	0
 1185 00ef 00       		.byte	0
 1186 00f0 13       		.uleb128 0x13
 1187 00f1 01       		.uleb128 0x1
 1188 00f2 01       		.byte	0x1
 1189 00f3 49       		.uleb128 0x49
 1190 00f4 13       		.uleb128 0x13
 1191 00f5 01       		.uleb128 0x1
 1192 00f6 13       		.uleb128 0x13
 1193 00f7 00       		.byte	0
 1194 00f8 00       		.byte	0
 1195 00f9 14       		.uleb128 0x14
 1196 00fa 21       		.uleb128 0x21
 1197 00fb 00       		.byte	0
 1198 00fc 49       		.uleb128 0x49
 1199 00fd 13       		.uleb128 0x13
 1200 00fe 2F       		.uleb128 0x2f
 1201 00ff 18       		.uleb128 0x18
 1202 0100 00       		.byte	0
 1203 0101 00       		.byte	0
 1204 0102 15       		.uleb128 0x15
 1205 0103 2E       		.uleb128 0x2e
 1206 0104 01       		.byte	0x1
 1207 0105 3F       		.uleb128 0x3f
 1208 0106 19       		.uleb128 0x19
 1209 0107 03       		.uleb128 0x3
 1210 0108 0E       		.uleb128 0xe
 1211 0109 3A       		.uleb128 0x3a
 1212 010a 0B       		.uleb128 0xb
 1213 010b 3B       		.uleb128 0x3b
 1214 010c 0B       		.uleb128 0xb
 1215 010d 27       		.uleb128 0x27
 1216 010e 19       		.uleb128 0x19
 1217 010f 11       		.uleb128 0x11
 1218 0110 01       		.uleb128 0x1
 1219 0111 12       		.uleb128 0x12
 1220 0112 06       		.uleb128 0x6
 1221 0113 40       		.uleb128 0x40
 1222 0114 18       		.uleb128 0x18
 1223 0115 9742     		.uleb128 0x2117
 1224 0117 19       		.uleb128 0x19
 1225 0118 01       		.uleb128 0x1
 1226 0119 13       		.uleb128 0x13
 1227 011a 00       		.byte	0
 1228 011b 00       		.byte	0
 1229 011c 16       		.uleb128 0x16
 1230 011d 34       		.uleb128 0x34
 1231 011e 00       		.byte	0
 1232 011f 03       		.uleb128 0x3
 1233 0120 0E       		.uleb128 0xe
 1234 0121 3A       		.uleb128 0x3a
ARM GAS  C:\Users\Laptop\AppData\Local\Temp\ccKTt4QZ.s 			page 25


 1235 0122 0B       		.uleb128 0xb
 1236 0123 3B       		.uleb128 0x3b
 1237 0124 05       		.uleb128 0x5
 1238 0125 49       		.uleb128 0x49
 1239 0126 13       		.uleb128 0x13
 1240 0127 3F       		.uleb128 0x3f
 1241 0128 19       		.uleb128 0x19
 1242 0129 3C       		.uleb128 0x3c
 1243 012a 19       		.uleb128 0x19
 1244 012b 00       		.byte	0
 1245 012c 00       		.byte	0
 1246 012d 17       		.uleb128 0x17
 1247 012e 35       		.uleb128 0x35
 1248 012f 00       		.byte	0
 1249 0130 49       		.uleb128 0x49
 1250 0131 13       		.uleb128 0x13
 1251 0132 00       		.byte	0
 1252 0133 00       		.byte	0
 1253 0134 18       		.uleb128 0x18
 1254 0135 21       		.uleb128 0x21
 1255 0136 00       		.byte	0
 1256 0137 49       		.uleb128 0x49
 1257 0138 13       		.uleb128 0x13
 1258 0139 2F       		.uleb128 0x2f
 1259 013a 0B       		.uleb128 0xb
 1260 013b 00       		.byte	0
 1261 013c 00       		.byte	0
 1262 013d 19       		.uleb128 0x19
 1263 013e 34       		.uleb128 0x34
 1264 013f 00       		.byte	0
 1265 0140 03       		.uleb128 0x3
 1266 0141 0E       		.uleb128 0xe
 1267 0142 3A       		.uleb128 0x3a
 1268 0143 0B       		.uleb128 0xb
 1269 0144 3B       		.uleb128 0x3b
 1270 0145 0B       		.uleb128 0xb
 1271 0146 49       		.uleb128 0x49
 1272 0147 13       		.uleb128 0x13
 1273 0148 3F       		.uleb128 0x3f
 1274 0149 19       		.uleb128 0x19
 1275 014a 02       		.uleb128 0x2
 1276 014b 18       		.uleb128 0x18
 1277 014c 00       		.byte	0
 1278 014d 00       		.byte	0
 1279 014e 1A       		.uleb128 0x1a
 1280 014f 34       		.uleb128 0x34
 1281 0150 00       		.byte	0
 1282 0151 03       		.uleb128 0x3
 1283 0152 08       		.uleb128 0x8
 1284 0153 3A       		.uleb128 0x3a
 1285 0154 0B       		.uleb128 0xb
 1286 0155 3B       		.uleb128 0x3b
 1287 0156 0B       		.uleb128 0xb
 1288 0157 49       		.uleb128 0x49
 1289 0158 13       		.uleb128 0x13
 1290 0159 3F       		.uleb128 0x3f
 1291 015a 19       		.uleb128 0x19
ARM GAS  C:\Users\Laptop\AppData\Local\Temp\ccKTt4QZ.s 			page 26


 1292 015b 02       		.uleb128 0x2
 1293 015c 18       		.uleb128 0x18
 1294 015d 00       		.byte	0
 1295 015e 00       		.byte	0
 1296 015f 1B       		.uleb128 0x1b
 1297 0160 2E       		.uleb128 0x2e
 1298 0161 01       		.byte	0x1
 1299 0162 3F       		.uleb128 0x3f
 1300 0163 19       		.uleb128 0x19
 1301 0164 03       		.uleb128 0x3
 1302 0165 0E       		.uleb128 0xe
 1303 0166 27       		.uleb128 0x27
 1304 0167 19       		.uleb128 0x19
 1305 0168 49       		.uleb128 0x49
 1306 0169 13       		.uleb128 0x13
 1307 016a 34       		.uleb128 0x34
 1308 016b 19       		.uleb128 0x19
 1309 016c 3C       		.uleb128 0x3c
 1310 016d 19       		.uleb128 0x19
 1311 016e 01       		.uleb128 0x1
 1312 016f 13       		.uleb128 0x13
 1313 0170 00       		.byte	0
 1314 0171 00       		.byte	0
 1315 0172 1C       		.uleb128 0x1c
 1316 0173 05       		.uleb128 0x5
 1317 0174 00       		.byte	0
 1318 0175 49       		.uleb128 0x49
 1319 0176 13       		.uleb128 0x13
 1320 0177 00       		.byte	0
 1321 0178 00       		.byte	0
 1322 0179 1D       		.uleb128 0x1d
 1323 017a 2E       		.uleb128 0x2e
 1324 017b 00       		.byte	0
 1325 017c 3F       		.uleb128 0x3f
 1326 017d 19       		.uleb128 0x19
 1327 017e 03       		.uleb128 0x3
 1328 017f 0E       		.uleb128 0xe
 1329 0180 3A       		.uleb128 0x3a
 1330 0181 0B       		.uleb128 0xb
 1331 0182 3B       		.uleb128 0x3b
 1332 0183 0B       		.uleb128 0xb
 1333 0184 27       		.uleb128 0x27
 1334 0185 19       		.uleb128 0x19
 1335 0186 49       		.uleb128 0x49
 1336 0187 13       		.uleb128 0x13
 1337 0188 3C       		.uleb128 0x3c
 1338 0189 19       		.uleb128 0x19
 1339 018a 00       		.byte	0
 1340 018b 00       		.byte	0
 1341 018c 1E       		.uleb128 0x1e
 1342 018d 2E       		.uleb128 0x2e
 1343 018e 01       		.byte	0x1
 1344 018f 3F       		.uleb128 0x3f
 1345 0190 19       		.uleb128 0x19
 1346 0191 03       		.uleb128 0x3
 1347 0192 0E       		.uleb128 0xe
 1348 0193 3A       		.uleb128 0x3a
ARM GAS  C:\Users\Laptop\AppData\Local\Temp\ccKTt4QZ.s 			page 27


 1349 0194 0B       		.uleb128 0xb
 1350 0195 3B       		.uleb128 0x3b
 1351 0196 0B       		.uleb128 0xb
 1352 0197 27       		.uleb128 0x27
 1353 0198 19       		.uleb128 0x19
 1354 0199 3C       		.uleb128 0x3c
 1355 019a 19       		.uleb128 0x19
 1356 019b 01       		.uleb128 0x1
 1357 019c 13       		.uleb128 0x13
 1358 019d 00       		.byte	0
 1359 019e 00       		.byte	0
 1360 019f 1F       		.uleb128 0x1f
 1361 01a0 2E       		.uleb128 0x2e
 1362 01a1 01       		.byte	0x1
 1363 01a2 3F       		.uleb128 0x3f
 1364 01a3 19       		.uleb128 0x19
 1365 01a4 03       		.uleb128 0x3
 1366 01a5 0E       		.uleb128 0xe
 1367 01a6 3A       		.uleb128 0x3a
 1368 01a7 0B       		.uleb128 0xb
 1369 01a8 3B       		.uleb128 0x3b
 1370 01a9 0B       		.uleb128 0xb
 1371 01aa 27       		.uleb128 0x27
 1372 01ab 19       		.uleb128 0x19
 1373 01ac 49       		.uleb128 0x49
 1374 01ad 13       		.uleb128 0x13
 1375 01ae 3C       		.uleb128 0x3c
 1376 01af 19       		.uleb128 0x19
 1377 01b0 01       		.uleb128 0x1
 1378 01b1 13       		.uleb128 0x13
 1379 01b2 00       		.byte	0
 1380 01b3 00       		.byte	0
 1381 01b4 20       		.uleb128 0x20
 1382 01b5 2E       		.uleb128 0x2e
 1383 01b6 01       		.byte	0x1
 1384 01b7 3F       		.uleb128 0x3f
 1385 01b8 19       		.uleb128 0x19
 1386 01b9 03       		.uleb128 0x3
 1387 01ba 0E       		.uleb128 0xe
 1388 01bb 3A       		.uleb128 0x3a
 1389 01bc 0B       		.uleb128 0xb
 1390 01bd 3B       		.uleb128 0x3b
 1391 01be 0B       		.uleb128 0xb
 1392 01bf 27       		.uleb128 0x27
 1393 01c0 19       		.uleb128 0x19
 1394 01c1 3C       		.uleb128 0x3c
 1395 01c2 19       		.uleb128 0x19
 1396 01c3 00       		.byte	0
 1397 01c4 00       		.byte	0
 1398 01c5 00       		.byte	0
 1399              		.section	.debug_loc,"",%progbits
 1400              	.Ldebug_loc0:
 1401              	.LLST0:
 1402 0000 00000000 		.4byte	.LVL0
 1403 0004 15000000 		.4byte	.LVL5-1
 1404 0008 0100     		.2byte	0x1
 1405 000a 50       		.byte	0x50
ARM GAS  C:\Users\Laptop\AppData\Local\Temp\ccKTt4QZ.s 			page 28


 1406 000b 15000000 		.4byte	.LVL5-1
 1407 000f 70000000 		.4byte	.LFE64
 1408 0013 0100     		.2byte	0x1
 1409 0015 58       		.byte	0x58
 1410 0016 00000000 		.4byte	0
 1411 001a 00000000 		.4byte	0
 1412              	.LLST1:
 1413 001e 00000000 		.4byte	.LVL0
 1414 0022 10000000 		.4byte	.LVL3
 1415 0026 0100     		.2byte	0x1
 1416 0028 51       		.byte	0x51
 1417 0029 10000000 		.4byte	.LVL3
 1418 002d 70000000 		.4byte	.LFE64
 1419 0031 0400     		.2byte	0x4
 1420 0033 F3       		.byte	0xf3
 1421 0034 01       		.uleb128 0x1
 1422 0035 51       		.byte	0x51
 1423 0036 9F       		.byte	0x9f
 1424 0037 00000000 		.4byte	0
 1425 003b 00000000 		.4byte	0
 1426              	.LLST2:
 1427 003f 00000000 		.4byte	.LVL0
 1428 0043 12000000 		.4byte	.LVL4
 1429 0047 0100     		.2byte	0x1
 1430 0049 52       		.byte	0x52
 1431 004a 12000000 		.4byte	.LVL4
 1432 004e 70000000 		.4byte	.LFE64
 1433 0052 0400     		.2byte	0x4
 1434 0054 F3       		.byte	0xf3
 1435 0055 01       		.uleb128 0x1
 1436 0056 52       		.byte	0x52
 1437 0057 9F       		.byte	0x9f
 1438 0058 00000000 		.4byte	0
 1439 005c 00000000 		.4byte	0
 1440              	.LLST3:
 1441 0060 0A000000 		.4byte	.LVL1
 1442 0064 1A000000 		.4byte	.LVL6
 1443 0068 0200     		.2byte	0x2
 1444 006a 30       		.byte	0x30
 1445 006b 9F       		.byte	0x9f
 1446 006c 26000000 		.4byte	.LVL9
 1447 0070 2A000000 		.4byte	.LVL10
 1448 0074 0200     		.2byte	0x2
 1449 0076 30       		.byte	0x30
 1450 0077 9F       		.byte	0x9f
 1451 0078 2A000000 		.4byte	.LVL10
 1452 007c 2C000000 		.4byte	.LVL11
 1453 0080 0100     		.2byte	0x1
 1454 0082 54       		.byte	0x54
 1455 0083 2E000000 		.4byte	.LVL12
 1456 0087 5A000000 		.4byte	.LVL16
 1457 008b 0100     		.2byte	0x1
 1458 008d 54       		.byte	0x54
 1459 008e 00000000 		.4byte	0
 1460 0092 00000000 		.4byte	0
 1461              	.LLST4:
 1462 0096 0A000000 		.4byte	.LVL1
ARM GAS  C:\Users\Laptop\AppData\Local\Temp\ccKTt4QZ.s 			page 29


 1463 009a 1A000000 		.4byte	.LVL6
 1464 009e 0200     		.2byte	0x2
 1465 00a0 30       		.byte	0x30
 1466 00a1 9F       		.byte	0x9f
 1467 00a2 1A000000 		.4byte	.LVL6
 1468 00a6 24000000 		.4byte	.LVL8
 1469 00aa 0100     		.2byte	0x1
 1470 00ac 56       		.byte	0x56
 1471 00ad 26000000 		.4byte	.LVL9
 1472 00b1 70000000 		.4byte	.LFE64
 1473 00b5 0100     		.2byte	0x1
 1474 00b7 56       		.byte	0x56
 1475 00b8 00000000 		.4byte	0
 1476 00bc 00000000 		.4byte	0
 1477              	.LLST5:
 1478 00c0 00000000 		.4byte	.LVL18
 1479 00c4 0C000000 		.4byte	.LVL20
 1480 00c8 0100     		.2byte	0x1
 1481 00ca 50       		.byte	0x50
 1482 00cb 0C000000 		.4byte	.LVL20
 1483 00cf 7C000000 		.4byte	.LFE63
 1484 00d3 0400     		.2byte	0x4
 1485 00d5 F3       		.byte	0xf3
 1486 00d6 01       		.uleb128 0x1
 1487 00d7 50       		.byte	0x50
 1488 00d8 9F       		.byte	0x9f
 1489 00d9 00000000 		.4byte	0
 1490 00dd 00000000 		.4byte	0
 1491              	.LLST6:
 1492 00e1 00000000 		.4byte	.LVL18
 1493 00e5 0F000000 		.4byte	.LVL21-1
 1494 00e9 0100     		.2byte	0x1
 1495 00eb 51       		.byte	0x51
 1496 00ec 0F000000 		.4byte	.LVL21-1
 1497 00f0 7C000000 		.4byte	.LFE63
 1498 00f4 0400     		.2byte	0x4
 1499 00f6 F3       		.byte	0xf3
 1500 00f7 01       		.uleb128 0x1
 1501 00f8 51       		.byte	0x51
 1502 00f9 9F       		.byte	0x9f
 1503 00fa 00000000 		.4byte	0
 1504 00fe 00000000 		.4byte	0
 1505              	.LLST7:
 1506 0102 08000000 		.4byte	.LVL19
 1507 0106 74000000 		.4byte	.LVL31
 1508 010a 0200     		.2byte	0x2
 1509 010c 7D       		.byte	0x7d
 1510 010d 00       		.sleb128 0
 1511 010e 74000000 		.4byte	.LVL31
 1512 0112 76000000 		.4byte	.LVL32
 1513 0116 0200     		.2byte	0x2
 1514 0118 91       		.byte	0x91
 1515 0119 68       		.sleb128 -24
 1516 011a 76000000 		.4byte	.LVL32
 1517 011e 7C000000 		.4byte	.LFE63
 1518 0122 0200     		.2byte	0x2
 1519 0124 7D       		.byte	0x7d
ARM GAS  C:\Users\Laptop\AppData\Local\Temp\ccKTt4QZ.s 			page 30


 1520 0125 68       		.sleb128 -24
 1521 0126 00000000 		.4byte	0
 1522 012a 00000000 		.4byte	0
 1523              	.LLST8:
 1524 012e 10000000 		.4byte	.LVL21
 1525 0132 22000000 		.4byte	.LVL23
 1526 0136 0200     		.2byte	0x2
 1527 0138 30       		.byte	0x30
 1528 0139 9F       		.byte	0x9f
 1529 013a 22000000 		.4byte	.LVL23
 1530 013e 28000000 		.4byte	.LVL24
 1531 0142 0200     		.2byte	0x2
 1532 0144 31       		.byte	0x31
 1533 0145 9F       		.byte	0x9f
 1534 0146 00000000 		.4byte	0
 1535 014a 00000000 		.4byte	0
 1536              	.LLST9:
 1537 014e 00000000 		.4byte	.LVL33
 1538 0152 0A000000 		.4byte	.LVL35
 1539 0156 0100     		.2byte	0x1
 1540 0158 50       		.byte	0x50
 1541 0159 0A000000 		.4byte	.LVL35
 1542 015d 18000000 		.4byte	.LFE65
 1543 0161 0100     		.2byte	0x1
 1544 0163 56       		.byte	0x56
 1545 0164 00000000 		.4byte	0
 1546 0168 00000000 		.4byte	0
 1547              	.LLST10:
 1548 016c 00000000 		.4byte	.LVL33
 1549 0170 0A000000 		.4byte	.LVL35
 1550 0174 0100     		.2byte	0x1
 1551 0176 51       		.byte	0x51
 1552 0177 0A000000 		.4byte	.LVL35
 1553 017b 18000000 		.4byte	.LFE65
 1554 017f 0400     		.2byte	0x4
 1555 0181 F3       		.byte	0xf3
 1556 0182 01       		.uleb128 0x1
 1557 0183 51       		.byte	0x51
 1558 0184 9F       		.byte	0x9f
 1559 0185 00000000 		.4byte	0
 1560 0189 00000000 		.4byte	0
 1561              	.LLST11:
 1562 018d 06000000 		.4byte	.LVL34
 1563 0191 0A000000 		.4byte	.LVL35
 1564 0195 0200     		.2byte	0x2
 1565 0197 30       		.byte	0x30
 1566 0198 9F       		.byte	0x9f
 1567 0199 0A000000 		.4byte	.LVL35
 1568 019d 18000000 		.4byte	.LFE65
 1569 01a1 0100     		.2byte	0x1
 1570 01a3 54       		.byte	0x54
 1571 01a4 00000000 		.4byte	0
 1572 01a8 00000000 		.4byte	0
 1573              		.section	.debug_aranges,"",%progbits
 1574 0000 2C000000 		.4byte	0x2c
 1575 0004 0200     		.2byte	0x2
 1576 0006 00000000 		.4byte	.Ldebug_info0
ARM GAS  C:\Users\Laptop\AppData\Local\Temp\ccKTt4QZ.s 			page 31


 1577 000a 04       		.byte	0x4
 1578 000b 00       		.byte	0
 1579 000c 0000     		.2byte	0
 1580 000e 0000     		.2byte	0
 1581 0010 00000000 		.4byte	.LFB64
 1582 0014 70000000 		.4byte	.LFE64-.LFB64
 1583 0018 00000000 		.4byte	.LFB63
 1584 001c 7C000000 		.4byte	.LFE63-.LFB63
 1585 0020 00000000 		.4byte	.LFB65
 1586 0024 18000000 		.4byte	.LFE65-.LFB65
 1587 0028 00000000 		.4byte	0
 1588 002c 00000000 		.4byte	0
 1589              		.section	.debug_ranges,"",%progbits
 1590              	.Ldebug_ranges0:
 1591 0000 00000000 		.4byte	.LFB64
 1592 0004 70000000 		.4byte	.LFE64
 1593 0008 00000000 		.4byte	.LFB63
 1594 000c 7C000000 		.4byte	.LFE63
 1595 0010 00000000 		.4byte	.LFB65
 1596 0014 18000000 		.4byte	.LFE65
 1597 0018 00000000 		.4byte	0
 1598 001c 00000000 		.4byte	0
 1599              		.section	.debug_line,"",%progbits
 1600              	.Ldebug_line0:
 1601 0000 52020000 		.section	.debug_str,"MS",%progbits,1
 1601      0200EA01 
 1601      00000201 
 1601      FB0E0D00 
 1601      01010101 
 1602              	.LASF2:
 1603 0000 5F5F7569 		.ascii	"__uint8_t\000"
 1603      6E74385F 
 1603      7400
 1604              	.LASF23:
 1605 000a 73697A65 		.ascii	"size_t\000"
 1605      5F7400
 1606              	.LASF3:
 1607 0011 5F5F696E 		.ascii	"__int16_t\000"
 1607      7431365F 
 1607      7400
 1608              	.LASF27:
 1609 001b 74696D65 		.ascii	"timeout\000"
 1609      6F757400 
 1610              	.LASF39:
 1611 0023 55415254 		.ascii	"UART_GetChar\000"
 1611      5F476574 
 1611      43686172 
 1611      00
 1612              	.LASF7:
 1613 0030 5F5F696E 		.ascii	"__int32_t\000"
 1613      7433325F 
 1613      7400
 1614              	.LASF45:
 1615 003a 57726974 		.ascii	"WriteTxData\000"
 1615      65547844 
 1615      61746100 
 1616              	.LASF20:
ARM GAS  C:\Users\Laptop\AppData\Local\Temp\ccKTt4QZ.s 			page 32


 1617 0046 646F7562 		.ascii	"double\000"
 1617      6C6500
 1618              	.LASF17:
 1619 004d 75696E74 		.ascii	"uint8\000"
 1619      3800
 1620              	.LASF26:
 1621 0053 62756666 		.ascii	"buff_len\000"
 1621      5F6C656E 
 1621      00
 1622              	.LASF36:
 1623 005c 41545F43 		.ascii	"AT_Command\000"
 1623      6F6D6D61 
 1623      6E6400
 1624              	.LASF19:
 1625 0067 666C6F61 		.ascii	"float\000"
 1625      7400
 1626              	.LASF11:
 1627 006d 6C6F6E67 		.ascii	"long long unsigned int\000"
 1627      206C6F6E 
 1627      6720756E 
 1627      7369676E 
 1627      65642069 
 1628              	.LASF1:
 1629 0084 756E7369 		.ascii	"unsigned char\000"
 1629      676E6564 
 1629      20636861 
 1629      7200
 1630              	.LASF21:
 1631 0092 63686172 		.ascii	"char8\000"
 1631      3800
 1632              	.LASF9:
 1633 0098 6C6F6E67 		.ascii	"long unsigned int\000"
 1633      20756E73 
 1633      69676E65 
 1633      6420696E 
 1633      7400
 1634              	.LASF34:
 1635 00aa 44697669 		.ascii	"Divider\000"
 1635      64657200 
 1636              	.LASF6:
 1637 00b2 73686F72 		.ascii	"short unsigned int\000"
 1637      7420756E 
 1637      7369676E 
 1637      65642069 
 1637      6E7400
 1638              	.LASF33:
 1639 00c5 49544D5F 		.ascii	"ITM_RxBuffer\000"
 1639      52784275 
 1639      66666572 
 1639      00
 1640              	.LASF25:
 1641 00d2 62756666 		.ascii	"buff\000"
 1641      00
 1642              	.LASF37:
 1643 00d7 6D656D73 		.ascii	"memset\000"
 1643      657400
 1644              	.LASF5:
ARM GAS  C:\Users\Laptop\AppData\Local\Temp\ccKTt4QZ.s 			page 33


 1645 00de 5F5F7569 		.ascii	"__uint16_t\000"
 1645      6E743136 
 1645      5F7400
 1646              	.LASF31:
 1647 00e9 636F6E66 		.ascii	"config_blue\000"
 1647      69675F62 
 1647      6C756500 
 1648              	.LASF28:
 1649 00f5 7278436F 		.ascii	"rxCount\000"
 1649      756E7400 
 1650              	.LASF29:
 1651 00fd 72785369 		.ascii	"rxSize\000"
 1651      7A6500
 1652              	.LASF18:
 1653 0104 75696E74 		.ascii	"uint32\000"
 1653      333200
 1654              	.LASF42:
 1655 010b 474E5520 		.ascii	"GNU C 4.9.3 20150303 (release) [ARM/embedded-4_9-br"
 1655      4320342E 
 1655      392E3320 
 1655      32303135 
 1655      30333033 
 1656 013e 616E6368 		.ascii	"anch revision 221220] -mcpu=cortex-m3 -mthumb -g -O"
 1656      20726576 
 1656      6973696F 
 1656      6E203232 
 1656      31323230 
 1657 0171 67202D66 		.ascii	"g -ffunction-sections -ffat-lto-objects\000"
 1657      66756E63 
 1657      74696F6E 
 1657      2D736563 
 1657      74696F6E 
 1658              	.LASF12:
 1659 0199 756E7369 		.ascii	"unsigned int\000"
 1659      676E6564 
 1659      20696E74 
 1659      00
 1660              	.LASF13:
 1661 01a6 75696E74 		.ascii	"uint8_t\000"
 1661      385F7400 
 1662              	.LASF14:
 1663 01ae 696E7431 		.ascii	"int16_t\000"
 1663      365F7400 
 1664              	.LASF16:
 1665 01b6 696E7433 		.ascii	"int32_t\000"
 1665      325F7400 
 1666              	.LASF47:
 1667 01be 55415254 		.ascii	"UART_PutChar\000"
 1667      5F507574 
 1667      43686172 
 1667      00
 1668              	.LASF10:
 1669 01cb 6C6F6E67 		.ascii	"long long int\000"
 1669      206C6F6E 
 1669      6720696E 
 1669      7400
 1670              	.LASF24:
ARM GAS  C:\Users\Laptop\AppData\Local\Temp\ccKTt4QZ.s 			page 34


 1671 01d9 73697A65 		.ascii	"sizetype\000"
 1671      74797065 
 1671      00
 1672              	.LASF32:
 1673 01e2 62617564 		.ascii	"baudChoice\000"
 1673      43686F69 
 1673      636500
 1674              	.LASF46:
 1675 01ed 7374726E 		.ascii	"strncmp\000"
 1675      636D7000 
 1676              	.LASF35:
 1677 01f5 42617564 		.ascii	"Baudrate\000"
 1677      72617465 
 1677      00
 1678              	.LASF4:
 1679 01fe 73686F72 		.ascii	"short int\000"
 1679      7420696E 
 1679      7400
 1680              	.LASF15:
 1681 0208 75696E74 		.ascii	"uint16_t\000"
 1681      31365F74 
 1681      00
 1682              	.LASF40:
 1683 0211 55415254 		.ascii	"UART_GetRxBufferSize\000"
 1683      5F476574 
 1683      52784275 
 1683      66666572 
 1683      53697A65 
 1684              	.LASF8:
 1685 0226 6C6F6E67 		.ascii	"long int\000"
 1685      20696E74 
 1685      00
 1686              	.LASF22:
 1687 022f 63686172 		.ascii	"char\000"
 1687      00
 1688              	.LASF0:
 1689 0234 7369676E 		.ascii	"signed char\000"
 1689      65642063 
 1689      68617200 
 1690              	.LASF44:
 1691 0240 433A5C55 		.ascii	"C:\\Users\\Laptop\\Desktop\\Berkeley_Spring2017\\ME"
 1691      73657273 
 1691      5C4C6170 
 1691      746F705C 
 1691      4465736B 
 1692 026e 20313335 		.ascii	" 135\\Project\\github\\CubeControl\\BalancingCube.c"
 1692      5C50726F 
 1692      6A656374 
 1692      5C676974 
 1692      6875625C 
 1693 029d 7964736E 		.ascii	"ydsn\000"
 1693      00
 1694              	.LASF41:
 1695 02a2 55415254 		.ascii	"UART_PutString\000"
 1695      5F507574 
 1695      53747269 
 1695      6E6700
ARM GAS  C:\Users\Laptop\AppData\Local\Temp\ccKTt4QZ.s 			page 35


 1696              	.LASF43:
 1697 02b1 626C7565 		.ascii	"blue.c\000"
 1697      2E6300
 1698              	.LASF38:
 1699 02b8 43794465 		.ascii	"CyDelay\000"
 1699      6C617900 
 1700              	.LASF30:
 1701 02c0 52656164 		.ascii	"ReadRxData\000"
 1701      52784461 
 1701      746100
 1702              		.ident	"GCC: (GNU Tools for ARM Embedded Processors) 4.9.3 20150303 (release) [ARM/embedded-4_9-br
